[ 2026-02-23 11:17:49,128 ] asyncio - DEBUG - Using proactor: IocpProactor
[ 2026-02-23 11:17:53,600 ] root - INFO - Entered the start_data_ingestion method of TraingPipeline class
[ 2026-02-23 11:17:53,600 ] root - INFO - Getting the data from mongodb
[ 2026-02-23 11:17:53,600 ] root - INFO - Entered initiate_data_ingestion method of Data_Ingestion class
[ 2026-02-23 11:17:53,600 ] root - INFO - Exporting data from mongodb
[ 2026-02-23 11:17:54,231 ] root - INFO - MongoDB connection succesfull
[ 2026-02-23 11:17:55,720 ] root - INFO - Shape of dataframe: (25480, 12)
[ 2026-02-23 11:17:55,722 ] root - INFO - saving exported data into feature store path: artifact\02_23_2026_11_17_42\data_ingestion\feature_store\usvisa.csv
[ 2026-02-23 11:17:55,786 ] root - INFO - Got the data from mongodb
[ 2026-02-23 11:17:55,786 ] root - INFO - Entered split_data_as_train_test method of Data_Ingestion class
[ 2026-02-23 11:17:55,795 ] root - INFO - Performed train test split on the dataframe
[ 2026-02-23 11:17:55,795 ] root - INFO - Exited split_data_as_train_test method of Data_Ingestion class
[ 2026-02-23 11:17:55,796 ] root - INFO - Exporting train and test file path.
[ 2026-02-23 11:17:55,854 ] root - INFO - Exported train and test file path.
[ 2026-02-23 11:17:55,854 ] root - INFO - Performed train test split on the dataset
[ 2026-02-23 11:17:55,854 ] root - INFO - Exited initiate_data_ingestion method of Data_Ingestion class
[ 2026-02-23 11:17:55,854 ] root - INFO - Data ingestion artifact: DataIngestionArtifact(trained_file_path='artifact\\02_23_2026_11_17_42\\data_ingestion\\ingested\\train.csv', test_file_path='artifact\\02_23_2026_11_17_42\\data_ingestion\\ingested\\test.csv')
[ 2026-02-23 11:17:55,854 ] root - INFO - Got the training_set and test_set from mongodb
[ 2026-02-23 11:17:55,854 ] root - INFO - Exited the start_data_ingestion method of TrainPipeline class
[ 2026-02-23 11:17:55,854 ] root - INFO - Entered the start_data_validation method of TrainPipeline class
[ 2026-02-23 11:17:55,857 ] root - INFO - Starting data validation
[ 2026-02-23 11:17:55,989 ] root - INFO - Is required column present: [True]
[ 2026-02-23 11:17:55,989 ] root - INFO - All required columns present in training dataframe: True
[ 2026-02-23 11:17:55,990 ] root - INFO - Is required column present: [True]
[ 2026-02-23 11:17:55,990 ] root - INFO - All required columns present in testing dataframe: True
[ 2026-02-23 11:17:56,013 ] root - DEBUG - Executing <class 'evidently.legacy.calculation_engine.python_engine.PythonEngine.get_metric_implementation.<locals>._Wrapper'>...
[ 2026-02-23 11:21:22,066 ] root - DEBUG - Executing <class 'evidently.legacy.calculation_engine.python_engine.PythonEngine.get_metric_implementation.<locals>._Wrapper'>...
[ 2026-02-23 11:24:32,671 ] root - INFO - 1/12 drift detected.
[ 2026-02-23 11:24:32,672 ] root - INFO - Data validation artifact: DataValidationArtifact(validation_status=True, message='Drift not detected', drift_report_file_path='artifact\\02_23_2026_11_17_42\\data_validation\\drift_report\\report.yaml')
[ 2026-02-23 11:24:32,672 ] root - INFO - Performed the data validation operation
[ 2026-02-23 11:24:32,672 ] root - INFO - Exited the start_data_validation method of TrainPipeline class
[ 2026-02-23 11:24:32,715 ] root - INFO - Starting data transformation
[ 2026-02-23 11:24:32,715 ] root - INFO - Entered get_data_transformer_object method of DataTransformation class
[ 2026-02-23 11:24:32,715 ] root - INFO - Got numerical cols from schema config
[ 2026-02-23 11:24:32,715 ] root - INFO - Initialized StandardScaler, OneHotEncoder, OrdinalEncoder
[ 2026-02-23 11:24:32,715 ] root - INFO - Initialize PowerTransformer
[ 2026-02-23 11:24:32,715 ] root - INFO - Created preprocessor object from ColumnTransformer
[ 2026-02-23 11:24:32,715 ] root - INFO - Exited get_data_transformer_object method of DataTransformation class
[ 2026-02-23 11:24:32,715 ] root - INFO - Got the preprocessor object
[ 2026-02-23 11:24:32,842 ] root - INFO - Got train features and test features of Training dataset
[ 2026-02-23 11:24:32,842 ] root - INFO - Added company_age column to the Training dataset
[ 2026-02-23 11:24:32,842 ] root - INFO - drop the columns in drop_cols of Training dataset
[ 2026-02-23 11:24:32,842 ] root - INFO - Entered drop_columns methon of utils
[ 2026-02-23 11:24:32,843 ] root - INFO - Exited the drop_columns method of utils
[ 2026-02-23 11:24:32,846 ] root - INFO - Added company_age column to the Test dataset
[ 2026-02-23 11:24:32,846 ] root - INFO - Entered drop_columns methon of utils
[ 2026-02-23 11:24:32,846 ] root - INFO - Exited the drop_columns method of utils
[ 2026-02-23 11:24:32,847 ] root - INFO - drop the columns in drop_cols of Test dataset
[ 2026-02-23 11:24:32,847 ] root - INFO - Got train features and test features of Testing dataset
[ 2026-02-23 11:24:32,847 ] root - INFO - Applying preprocessing object on training dataframe and testing dataframe
[ 2026-02-23 11:24:32,910 ] root - INFO - Used the preprocessor object to fit transform the train features
[ 2026-02-23 11:24:32,921 ] root - INFO - Used the preprocessor object to transform the test features
[ 2026-02-23 11:24:32,921 ] root - INFO - Applying SMOTEENN on Training dataset
[ 2026-02-23 11:24:36,643 ] root - INFO - Applied SMOTEENN on training dataset
[ 2026-02-23 11:24:36,643 ] root - INFO - Applying SMOTEENN on testing dataset
[ 2026-02-23 11:24:36,736 ] root - INFO - Applied SMOTEENN on testing dataset
[ 2026-02-23 11:24:36,736 ] root - INFO - Created train array and test array
[ 2026-02-23 11:24:36,737 ] root - INFO - Entered the save_object method of utils
[ 2026-02-23 11:24:36,741 ] root - INFO - Exited the save_object method of utils
[ 2026-02-23 11:24:36,745 ] root - INFO - Saved the preprocessor object
[ 2026-02-23 11:24:36,746 ] root - INFO - Exited initiate_data_transformation method of Data_Transformation class
[ 2026-02-23 11:24:36,746 ] root - INFO - Entered initiate_model_trainer method of ModelTrainer class
[ 2026-02-23 11:24:36,782 ] root - INFO - Using neuro_mf to get best model object and report
[ 2026-02-23 11:24:36,798 ] neuro_mf - INFO - Started Initializing model from config file
[ 2026-02-23 11:24:36,799 ] neuro_mf - INFO - {'algorithm': 'kd_tree', 'weights': 'uniform', 'n_neighbors': 3}
[ 2026-02-23 11:24:36,799 ] neuro_mf - INFO - {'max_depth': 10, 'max_features': 'sqrt', 'n_estimators': 3}
[ 2026-02-23 11:24:36,802 ] neuro_mf - INFO - Initialized model: [InitializedModelDetail(model_serial_number='module_0', model=KNeighborsClassifier(algorithm='kd_tree', n_neighbors=3), param_grid_search={'algorithm': ['auto', 'ball_tree', 'kd_tree', 'brute'], 'weights': ['uniform', 'distance'], 'n_neighbors': [3, 5, 9]}, model_name='sklearn.neighbors.KNeighborsClassifier'), InitializedModelDetail(model_serial_number='module_1', model=RandomForestClassifier(max_depth=10, n_estimators=3), param_grid_search={'max_depth': [10, 15, 20], 'max_features': ['sqrt', 'log2'], 'n_estimators': [3, 5, 9]}, model_name='sklearn.ensemble.RandomForestClassifier')]
[ 2026-02-23 11:24:36,802 ] neuro_mf - INFO - ('**************************************************', 'training KNeighborsClassifier', '**************************************************')
[ 2026-02-23 11:24:36,802 ] neuro_mf - INFO - {'cv': 3, 'verbose': 3}
[ 2026-02-23 11:24:49,356 ] neuro_mf - INFO - ('**************************************************', 'training RandomForestClassifier', '**************************************************')
[ 2026-02-23 11:24:49,356 ] neuro_mf - INFO - {'cv': 3, 'verbose': 3}
[ 2026-02-23 11:24:51,426 ] neuro_mf - INFO - Acceptable model found:GridSearchedBestModel(model_serial_number='module_0', model=KNeighborsClassifier(algorithm='kd_tree', n_neighbors=3), best_model=KNeighborsClassifier(n_neighbors=3, weights='distance'), best_parameters={'algorithm': 'auto', 'n_neighbors': 3, 'weights': 'distance'}, best_score=np.float64(0.9575321543304566))
[ 2026-02-23 11:24:51,426 ] neuro_mf - INFO - Best model: GridSearchedBestModel(model_serial_number='module_0', model=KNeighborsClassifier(algorithm='kd_tree', n_neighbors=3), best_model=KNeighborsClassifier(n_neighbors=3, weights='distance'), best_parameters={'algorithm': 'auto', 'n_neighbors': 3, 'weights': 'distance'}, best_score=np.float64(0.9575321543304566))
[ 2026-02-23 11:24:51,466 ] root - INFO - Entered the load_object method of utils
[ 2026-02-23 11:24:51,490 ] root - INFO - Exited the load_object method of utils
[ 2026-02-23 11:24:51,490 ] root - INFO - Created usvisa model object with preprocessor and model
[ 2026-02-23 11:24:51,490 ] root - INFO - Created best model file path.
[ 2026-02-23 11:24:51,490 ] root - INFO - Entered the save_object method of utils
[ 2026-02-23 11:24:51,498 ] root - INFO - Exited the save_object method of utils
[ 2026-02-23 11:24:51,498 ] root - INFO - Model trainer artifact: ModelTrainerArtifact(trained_model_file_path='artifact\\02_23_2026_11_17_42\\model_trainer\\trained_model\\model.pkl', metric_artifact=ClassificationMetricArtifact(f1_score=0.8248373101952278, precision_score=0.841726618705036, recall_score=0.8086124401913876))
