[ 2026-02-23 10:01:57,908 ] asyncio - DEBUG - Using proactor: IocpProactor
[ 2026-02-23 10:02:01,834 ] root - INFO - Entered the start_data_ingestion method of TraingPipeline class
[ 2026-02-23 10:02:01,834 ] root - INFO - Getting the data from mongodb
[ 2026-02-23 10:02:01,834 ] root - INFO - Entered initiate_data_ingestion method of Data_Ingestion class
[ 2026-02-23 10:02:01,834 ] root - INFO - Exporting data from mongodb
[ 2026-02-23 10:02:02,460 ] root - INFO - MongoDB connection succesfull
[ 2026-02-23 10:02:04,024 ] root - INFO - Shape of dataframe: (25480, 12)
[ 2026-02-23 10:02:04,027 ] root - INFO - saving exported data into feature store path: artifact\02_23_2026_10_01_54\data_ingestion\feature_store\usvisa.csv
[ 2026-02-23 10:02:04,083 ] root - INFO - Got the data from mongodb
[ 2026-02-23 10:02:04,083 ] root - INFO - Entered split_data_as_train_test method of Data_Ingestion class
[ 2026-02-23 10:02:04,094 ] root - INFO - Performed train test split on the dataframe
[ 2026-02-23 10:02:04,094 ] root - INFO - Exited split_data_as_train_test method of Data_Ingestion class
[ 2026-02-23 10:02:04,095 ] root - INFO - Exporting train and test file path.
[ 2026-02-23 10:02:04,160 ] root - INFO - Exported train and test file path.
[ 2026-02-23 10:02:04,161 ] root - INFO - Performed train test split on the dataset
[ 2026-02-23 10:02:04,162 ] root - INFO - Exited initiate_data_ingestion method of Data_Ingestion class
[ 2026-02-23 10:02:04,162 ] root - INFO - Data ingestion artifact: DataIngestionArtifact(trained_file_path='artifact\\02_23_2026_10_01_54\\data_ingestion\\ingested\\train.csv', test_file_path='artifact\\02_23_2026_10_01_54\\data_ingestion\\ingested\\test.csv')
[ 2026-02-23 10:02:04,168 ] root - INFO - Got the training_set and test_set from mongodb
[ 2026-02-23 10:02:04,168 ] root - INFO - Exited the start_data_ingestion method of TrainPipeline class
[ 2026-02-23 10:02:04,168 ] root - INFO - Entered the start_data_validation method of TrainPipeline class
[ 2026-02-23 10:02:04,210 ] root - INFO - Starting data validation
[ 2026-02-23 10:02:04,323 ] root - INFO - Is required column present: [True]
[ 2026-02-23 10:02:04,324 ] root - INFO - All required columns present in training dataframe: True
[ 2026-02-23 10:02:04,324 ] root - INFO - Is required column present: [True]
[ 2026-02-23 10:02:04,324 ] root - INFO - All required columns present in testing dataframe: True
[ 2026-02-23 10:02:04,350 ] root - DEBUG - Executing <class 'evidently.legacy.calculation_engine.python_engine.PythonEngine.get_metric_implementation.<locals>._Wrapper'>...
[ 2026-02-23 10:02:24,098 ] root - DEBUG - Executing <class 'evidently.legacy.calculation_engine.python_engine.PythonEngine.get_metric_implementation.<locals>._Wrapper'>...
[ 2026-02-23 10:02:45,130 ] root - INFO - 1/12 drift detected.
[ 2026-02-23 10:02:45,131 ] root - INFO - Data validation artifact: DataValidationArtifact(validation_status=True, message='Drift not detected', drift_report_file_path='artifact\\02_23_2026_10_01_54\\data_validation\\drift_report\\report.yaml')
[ 2026-02-23 10:02:45,131 ] root - INFO - Performed the data validation operation
[ 2026-02-23 10:02:45,131 ] root - INFO - Exited the start_data_validation method of TrainPipeline class
[ 2026-02-23 10:02:45,133 ] root - INFO - Starting data transformation
[ 2026-02-23 10:02:45,133 ] root - INFO - Entered get_data_transformer_object method of DataTransformation class
[ 2026-02-23 10:02:45,133 ] root - INFO - Got numerical cols from schema config
[ 2026-02-23 10:02:45,133 ] root - INFO - Initialized StandardScaler, OneHotEncoder, OrdinalEncoder
[ 2026-02-23 10:02:45,133 ] root - INFO - Initialize PowerTransformer
[ 2026-02-23 10:02:45,133 ] root - INFO - Created preprocessor object from ColumnTransformer
[ 2026-02-23 10:02:45,133 ] root - INFO - Exited get_data_transformer_object method of DataTransformation class
[ 2026-02-23 10:02:45,133 ] root - INFO - Got the preprocessor object
