[ 2026-02-24 21:49:46,501 ] asyncio - DEBUG - Using proactor: IocpProactor
[ 2026-02-24 21:49:50,174 ] root - INFO - Entered the start_data_ingestion method of TraingPipeline class
[ 2026-02-24 21:49:50,174 ] root - INFO - Getting the data from mongodb
[ 2026-02-24 21:49:50,174 ] root - INFO - Entered initiate_data_ingestion method of Data_Ingestion class
[ 2026-02-24 21:49:50,174 ] root - INFO - Exporting data from mongodb
[ 2026-02-24 21:49:50,800 ] root - INFO - MongoDB connection succesfull
[ 2026-02-24 21:49:52,714 ] root - INFO - Shape of dataframe: (25480, 12)
[ 2026-02-24 21:49:52,716 ] root - INFO - saving exported data into feature store path: artifact\02_24_2026_21_49_43\data_ingestion\feature_store\usvisa.csv
[ 2026-02-24 21:49:52,770 ] root - INFO - Got the data from mongodb
[ 2026-02-24 21:49:52,770 ] root - INFO - Entered split_data_as_train_test method of Data_Ingestion class
[ 2026-02-24 21:49:52,777 ] root - INFO - Performed train test split on the dataframe
[ 2026-02-24 21:49:52,777 ] root - INFO - Exited split_data_as_train_test method of Data_Ingestion class
[ 2026-02-24 21:49:52,778 ] root - INFO - Exporting train and test file path.
[ 2026-02-24 21:49:52,841 ] root - INFO - Exported train and test file path.
[ 2026-02-24 21:49:52,842 ] root - INFO - Performed train test split on the dataset
[ 2026-02-24 21:49:52,842 ] root - INFO - Exited initiate_data_ingestion method of Data_Ingestion class
[ 2026-02-24 21:49:52,842 ] root - INFO - Data ingestion artifact: DataIngestionArtifact(trained_file_path='artifact\\02_24_2026_21_49_43\\data_ingestion\\ingested\\train.csv', test_file_path='artifact\\02_24_2026_21_49_43\\data_ingestion\\ingested\\test.csv')
[ 2026-02-24 21:49:52,848 ] root - INFO - Got the training_set and test_set from mongodb
[ 2026-02-24 21:49:52,849 ] root - INFO - Exited the start_data_ingestion method of TrainPipeline class
[ 2026-02-24 21:49:52,849 ] root - INFO - Entered the start_data_validation method of TrainPipeline class
[ 2026-02-24 21:49:52,891 ] root - INFO - Starting data validation
[ 2026-02-24 21:49:53,013 ] root - INFO - Is required column present: [True]
[ 2026-02-24 21:49:53,013 ] root - INFO - All required columns present in training dataframe: True
[ 2026-02-24 21:49:53,013 ] root - INFO - Is required column present: [True]
[ 2026-02-24 21:49:53,013 ] root - INFO - All required columns present in testing dataframe: True
[ 2026-02-24 21:49:53,031 ] root - DEBUG - Executing <class 'evidently.legacy.calculation_engine.python_engine.PythonEngine.get_metric_implementation.<locals>._Wrapper'>...
[ 2026-02-24 21:50:11,587 ] root - DEBUG - Executing <class 'evidently.legacy.calculation_engine.python_engine.PythonEngine.get_metric_implementation.<locals>._Wrapper'>...
[ 2026-02-24 21:50:30,613 ] root - INFO - 1/12 drift detected.
[ 2026-02-24 21:50:30,614 ] root - INFO - Data validation artifact: DataValidationArtifact(validation_status=True, message='Drift not detected', drift_report_file_path='artifact\\02_24_2026_21_49_43\\data_validation\\drift_report\\report.yaml')
[ 2026-02-24 21:50:30,614 ] root - INFO - Performed the data validation operation
[ 2026-02-24 21:50:30,614 ] root - INFO - Exited the start_data_validation method of TrainPipeline class
[ 2026-02-24 21:50:30,616 ] root - INFO - Starting data transformation
[ 2026-02-24 21:50:30,616 ] root - INFO - Entered get_data_transformer_object method of DataTransformation class
[ 2026-02-24 21:50:30,616 ] root - INFO - Got numerical cols from schema config
[ 2026-02-24 21:50:30,617 ] root - INFO - Initialized StandardScaler, OneHotEncoder, OrdinalEncoder
[ 2026-02-24 21:50:30,617 ] root - INFO - Initialize PowerTransformer
[ 2026-02-24 21:50:30,617 ] root - INFO - Created preprocessor object from ColumnTransformer
[ 2026-02-24 21:50:30,617 ] root - INFO - Exited get_data_transformer_object method of DataTransformation class
[ 2026-02-24 21:50:30,617 ] root - INFO - Got the preprocessor object
[ 2026-02-24 21:50:30,646 ] root - INFO - Got train features and test features of Training dataset
[ 2026-02-24 21:50:30,646 ] root - INFO - Added company_age column to the Training dataset
[ 2026-02-24 21:50:30,646 ] root - INFO - drop the columns in drop_cols of Training dataset
[ 2026-02-24 21:50:30,646 ] root - INFO - Entered drop_columns methon of utils
[ 2026-02-24 21:50:30,647 ] root - INFO - Exited the drop_columns method of utils
[ 2026-02-24 21:50:30,648 ] root - INFO - Added company_age column to the Test dataset
[ 2026-02-24 21:50:30,648 ] root - INFO - Entered drop_columns methon of utils
[ 2026-02-24 21:50:30,648 ] root - INFO - Exited the drop_columns method of utils
[ 2026-02-24 21:50:30,648 ] root - INFO - drop the columns in drop_cols of Test dataset
[ 2026-02-24 21:50:30,649 ] root - INFO - Got train features and test features of Testing dataset
[ 2026-02-24 21:50:30,649 ] root - INFO - Applying preprocessing object on training dataframe and testing dataframe
[ 2026-02-24 21:50:30,708 ] root - INFO - Used the preprocessor object to fit transform the train features
[ 2026-02-24 21:50:30,716 ] root - INFO - Used the preprocessor object to transform the test features
[ 2026-02-24 21:50:30,716 ] root - INFO - Applying SMOTEENN on Training dataset
[ 2026-02-24 21:50:34,405 ] root - INFO - Applied SMOTEENN on training dataset
[ 2026-02-24 21:50:34,405 ] root - INFO - Applying SMOTEENN on testing dataset
[ 2026-02-24 21:50:34,490 ] root - INFO - Applied SMOTEENN on testing dataset
[ 2026-02-24 21:50:34,490 ] root - INFO - Created train array and test array
[ 2026-02-24 21:50:34,491 ] root - INFO - Entered the save_object method of utils
[ 2026-02-24 21:50:34,499 ] root - INFO - Exited the save_object method of utils
[ 2026-02-24 21:50:34,505 ] root - INFO - Saved the preprocessor object
[ 2026-02-24 21:50:34,505 ] root - INFO - Exited initiate_data_transformation method of Data_Transformation class
[ 2026-02-24 21:50:34,506 ] root - INFO - Entered initiate_model_trainer method of ModelTrainer class
[ 2026-02-24 21:50:34,533 ] root - INFO - Using neuro_mf to get best model object and report
[ 2026-02-24 21:50:34,549 ] neuro_mf - INFO - Started Initializing model from config file
[ 2026-02-24 21:50:34,549 ] neuro_mf - INFO - {'algorithm': 'kd_tree', 'weights': 'uniform', 'n_neighbors': 3}
[ 2026-02-24 21:50:34,550 ] neuro_mf - INFO - {'max_depth': 10, 'max_features': 'sqrt', 'n_estimators': 3}
[ 2026-02-24 21:50:34,552 ] neuro_mf - INFO - Initialized model: [InitializedModelDetail(model_serial_number='module_0', model=KNeighborsClassifier(algorithm='kd_tree', n_neighbors=3), param_grid_search={'algorithm': ['auto', 'ball_tree', 'kd_tree', 'brute'], 'weights': ['uniform', 'distance'], 'n_neighbors': [3, 5, 9]}, model_name='sklearn.neighbors.KNeighborsClassifier'), InitializedModelDetail(model_serial_number='module_1', model=RandomForestClassifier(max_depth=10, n_estimators=3), param_grid_search={'max_depth': [10, 15, 20], 'max_features': ['sqrt', 'log2'], 'n_estimators': [3, 5, 9]}, model_name='sklearn.ensemble.RandomForestClassifier')]
[ 2026-02-24 21:50:34,552 ] neuro_mf - INFO - ('**************************************************', 'training KNeighborsClassifier', '**************************************************')
[ 2026-02-24 21:50:34,552 ] neuro_mf - INFO - {'cv': 3, 'verbose': 3}
[ 2026-02-24 21:51:06,028 ] neuro_mf - INFO - ('**************************************************', 'training RandomForestClassifier', '**************************************************')
[ 2026-02-24 21:51:06,028 ] neuro_mf - INFO - {'cv': 3, 'verbose': 3}
[ 2026-02-24 21:51:13,317 ] neuro_mf - INFO - Acceptable model found:GridSearchedBestModel(model_serial_number='module_0', model=KNeighborsClassifier(algorithm='kd_tree', n_neighbors=3), best_model=KNeighborsClassifier(n_neighbors=3, weights='distance'), best_parameters={'algorithm': 'auto', 'n_neighbors': 3, 'weights': 'distance'}, best_score=np.float64(0.958966003783381))
[ 2026-02-24 21:51:13,318 ] neuro_mf - INFO - Best model: GridSearchedBestModel(model_serial_number='module_0', model=KNeighborsClassifier(algorithm='kd_tree', n_neighbors=3), best_model=KNeighborsClassifier(n_neighbors=3, weights='distance'), best_parameters={'algorithm': 'auto', 'n_neighbors': 3, 'weights': 'distance'}, best_score=np.float64(0.958966003783381))
[ 2026-02-24 21:51:13,460 ] root - INFO - Entered the load_object method of utils
[ 2026-02-24 21:51:13,494 ] root - INFO - Exited the load_object method of utils
[ 2026-02-24 21:51:13,494 ] root - INFO - Created usvisa model object with preprocessor and model
[ 2026-02-24 21:51:13,494 ] root - INFO - Created best model file path.
[ 2026-02-24 21:51:13,495 ] root - INFO - Entered the save_object method of utils
[ 2026-02-24 21:51:13,508 ] root - INFO - Exited the save_object method of utils
[ 2026-02-24 21:51:13,509 ] root - INFO - Model trainer artifact: ModelTrainerArtifact(trained_model_file_path='artifact\\02_24_2026_21_49_43\\model_trainer\\trained_model\\model.pkl', metric_artifact=ClassificationMetricArtifact(f1_score=0.8293363078639152, precision_score=0.8575547866205305, recall_score=0.8029157667386609))
